<?xml version="1.0" encoding="UTF-8"?>
<testng-results skipped="0" failed="0" ignored="0" total="1" passed="1">
  <reporter-output>
  </reporter-output>
  <suite name="Default suite" duration-ms="34" started-at="2018-04-22T22:39:35Z" finished-at="2018-04-22T22:39:35Z">
    <groups>
    </groups>
    <test name="Default test" duration-ms="34" started-at="2018-04-22T22:39:35Z" finished-at="2018-04-22T22:39:35Z">
      <class name="com.sagnik80.StepDefinitions.GetTDMTest">
        <test-method status="PASS" signature="name()[pri:0, instance:com.sagnik80.StepDefinitions.GetTDMTest@42dafa95]" name="name" duration-ms="8" started-at="2018-04-22T22:39:35Z" finished-at="2018-04-22T22:39:35Z">
          <reporter-output>
          </reporter-output>
        </test-method> <!-- name -->
      </class> <!-- com.sagnik80.StepDefinitions.GetTDMTest -->
    </test> <!-- Default test -->
  </suite> <!-- Default suite -->
</testng-results>
